2016-05-31 14:10:10 [INFO]-[main:0]-[ContextLoader:org.springframework.web.context.ContextLoader.initWebApplicationContext(ContextLoader.java:305)] - Root WebApplicationContext: initialization started
2016-05-31 14:10:10 [INFO]-[main:82]-[XmlWebApplicationContext:org.springframework.context.support.AbstractApplicationContext.prepareRefresh(AbstractApplicationContext.java:578)] - Refreshing Root WebApplicationContext: startup date [Tue May 31 14:10:10 CST 2016]; root of context hierarchy
2016-05-31 14:10:10 [INFO]-[main:115]-[XmlBeanDefinitionReader:org.springframework.beans.factory.xml.XmlBeanDefinitionReader.loadBeanDefinitions(XmlBeanDefinitionReader.java:317)] - Loading XML bean definitions from class path resource [config/spring/spring-context.xml]
2016-05-31 14:10:10 [INFO]-[main:222]-[XmlBeanDefinitionReader:org.springframework.beans.factory.xml.XmlBeanDefinitionReader.loadBeanDefinitions(XmlBeanDefinitionReader.java:317)] - Loading XML bean definitions from class path resource [config/spring/spring-mybatis.xml]
2016-05-31 14:10:11 [INFO]-[main:355]-[XmlBeanDefinitionReader:org.springframework.beans.factory.xml.XmlBeanDefinitionReader.loadBeanDefinitions(XmlBeanDefinitionReader.java:317)] - Loading XML bean definitions from class path resource [config/spring/spring-redis.xml]
2016-05-31 14:10:11 [INFO]-[main:388]-[XmlBeanDefinitionReader:org.springframework.beans.factory.xml.XmlBeanDefinitionReader.loadBeanDefinitions(XmlBeanDefinitionReader.java:317)] - Loading XML bean definitions from class path resource [config/spring/spring-rabbit.xml]
2016-05-31 14:10:11 [INFO]-[main:595]-[PropertySourcesPlaceholderConfigurer:org.springframework.core.io.support.PropertiesLoaderSupport.loadProperties(PropertiesLoaderSupport.java:172)] - Loading properties file from class path resource [config/jdbc/jdbc.properties]
2016-05-31 14:10:11 [INFO]-[main:600]-[PropertySourcesPlaceholderConfigurer:org.springframework.core.io.support.PropertiesLoaderSupport.loadProperties(PropertiesLoaderSupport.java:172)] - Loading properties file from class path resource [config/redis/redis.properties]
2016-05-31 14:10:11 [INFO]-[main:602]-[PropertySourcesPlaceholderConfigurer:org.springframework.core.io.support.PropertiesLoaderSupport.loadProperties(PropertiesLoaderSupport.java:172)] - Loading properties file from class path resource [config/rabbit/rabbit.properties]
2016-05-31 14:10:11 [INFO]-[main:606]-[AutowiredAnnotationBeanPostProcessor:org.springframework.beans.factory.annotation.AutowiredAnnotationBeanPostProcessor.<init>(AutowiredAnnotationBeanPostProcessor.java:153)] - JSR-330 'javax.inject.Inject' annotation found and supported for autowiring
2016-05-31 14:10:11 [INFO]-[main:704]-[MLog:com.mchange.v2.log.MLog.<clinit>(MLog.java:80)] - MLog clients using log4j logging.
2016-05-31 14:10:11 [INFO]-[main:776]-[C3P0Registry:com.mchange.v2.c3p0.C3P0Registry.banner(C3P0Registry.java:204)] - Initializing c3p0-0.9.1.2 [built 21-May-2007 15:04:56; debug? true; trace: 10]
2016-05-31 14:10:12 [INFO]-[main:1370]-[DefaultLifecycleProcessor:org.springframework.context.support.DefaultLifecycleProcessor$LifecycleGroup.start(DefaultLifecycleProcessor.java:341)] - Starting beans in phase -2147482648
2016-05-31 14:10:12 [INFO]-[main:1376]-[ContextLoader:org.springframework.web.context.ContextLoader.initWebApplicationContext(ContextLoader.java:345)] - Root WebApplicationContext: initialization completed in 1372 ms
2016-05-31 14:10:12 [INFO]-[main:1451]-[DispatcherServlet:org.springframework.web.servlet.FrameworkServlet.initServletBean(FrameworkServlet.java:487)] - FrameworkServlet 'spring-mvc': initialization started
2016-05-31 14:10:12 [INFO]-[main:1453]-[XmlWebApplicationContext:org.springframework.context.support.AbstractApplicationContext.prepareRefresh(AbstractApplicationContext.java:578)] - Refreshing WebApplicationContext for namespace 'spring-mvc-servlet': startup date [Tue May 31 14:10:12 CST 2016]; parent: Root WebApplicationContext
2016-05-31 14:10:12 [INFO]-[main:1456]-[XmlBeanDefinitionReader:org.springframework.beans.factory.xml.XmlBeanDefinitionReader.loadBeanDefinitions(XmlBeanDefinitionReader.java:317)] - Loading XML bean definitions from class path resource [config/spring/spring-mvc.xml]
2016-05-31 14:10:12 [INFO]-[main:1487]-[XmlBeanDefinitionReader:org.springframework.beans.factory.xml.XmlBeanDefinitionReader.loadBeanDefinitions(XmlBeanDefinitionReader.java:317)] - Loading XML bean definitions from class path resource [config/spring/spring-freemarker.xml]
2016-05-31 14:10:12 [INFO]-[main:1564]-[PropertySourcesPlaceholderConfigurer:org.springframework.core.io.support.PropertiesLoaderSupport.loadProperties(PropertiesLoaderSupport.java:172)] - Loading properties file from class path resource [config/freemarker/freemarker.properties]
2016-05-31 14:10:12 [INFO]-[main:1570]-[AutowiredAnnotationBeanPostProcessor:org.springframework.beans.factory.annotation.AutowiredAnnotationBeanPostProcessor.<init>(AutowiredAnnotationBeanPostProcessor.java:153)] - JSR-330 'javax.inject.Inject' annotation found and supported for autowiring
2016-05-31 14:10:12 [INFO]-[main:1631]-[SpringTemplateLoader:org.springframework.ui.freemarker.SpringTemplateLoader.<init>(SpringTemplateLoader.java:61)] - SpringTemplateLoader for FreeMarker: using resource loader [WebApplicationContext for namespace 'spring-mvc-servlet': startup date [Tue May 31 14:10:12 CST 2016]; parent: Root WebApplicationContext] and template loader path [/WEB-INF/view/]
2016-05-31 14:10:12 [INFO]-[main:1632]-[FreeMarkerConfigurer:org.springframework.web.servlet.view.freemarker.FreeMarkerConfigurer.postProcessTemplateLoaders(FreeMarkerConfigurer.java:127)] - ClassTemplateLoader for Spring macros added to FreeMarker configuration
2016-05-31 14:10:12 [INFO]-[main:1722]-[RequestMappingHandlerMapping:org.springframework.web.servlet.handler.AbstractHandlerMethodMapping$MappingRegistry.register(AbstractHandlerMethodMapping.java:534)] - Mapped "{[/showIndex]}" onto public java.lang.String com.uilzzw.controller.ProxyController.toIndex(javax.servlet.http.HttpServletRequest,org.springframework.ui.Model)
2016-05-31 14:10:12 [INFO]-[main:1930]-[RequestMappingHandlerAdapter:org.springframework.web.servlet.mvc.method.annotation.RequestMappingHandlerAdapter.initControllerAdviceCache(RequestMappingHandlerAdapter.java:539)] - Looking for @ControllerAdvice: WebApplicationContext for namespace 'spring-mvc-servlet': startup date [Tue May 31 14:10:12 CST 2016]; parent: Root WebApplicationContext
2016-05-31 14:10:12 [INFO]-[main:1972]-[RequestMappingHandlerAdapter:org.springframework.web.servlet.mvc.method.annotation.RequestMappingHandlerAdapter.initControllerAdviceCache(RequestMappingHandlerAdapter.java:539)] - Looking for @ControllerAdvice: WebApplicationContext for namespace 'spring-mvc-servlet': startup date [Tue May 31 14:10:12 CST 2016]; parent: Root WebApplicationContext
2016-05-31 14:10:12 [INFO]-[main:2047]-[SimpleUrlHandlerMapping:org.springframework.web.servlet.handler.AbstractUrlHandlerMapping.registerHandler(AbstractUrlHandlerMapping.java:341)] - Mapped URL path [/jquery/**] onto handler 'org.springframework.web.servlet.resource.ResourceHttpRequestHandler#0'
2016-05-31 14:10:12 [INFO]-[main:2051]-[SimpleUrlHandlerMapping:org.springframework.web.servlet.handler.AbstractUrlHandlerMapping.registerHandler(AbstractUrlHandlerMapping.java:341)] - Mapped URL path [/bootstrap/**] onto handler 'org.springframework.web.servlet.resource.ResourceHttpRequestHandler#1'
2016-05-31 14:10:12 [INFO]-[main:2107]-[DispatcherServlet:org.springframework.web.servlet.FrameworkServlet.initServletBean(FrameworkServlet.java:506)] - FrameworkServlet 'spring-mvc': initialization completed in 655 ms
2016-05-31 14:11:30 [WARN]-[qtp1634181718-27:79938]-[PageNotFound:org.springframework.web.servlet.DispatcherServlet.noHandlerFound(DispatcherServlet.java:1139)] - No mapping found for HTTP request with URI [/proxy-att/] in DispatcherServlet with name 'spring-mvc'
2016-05-31 14:11:36 [WARN]-[qtp1634181718-27:85950]-[PageNotFound:org.springframework.web.servlet.DispatcherServlet.noHandlerFound(DispatcherServlet.java:1139)] - No mapping found for HTTP request with URI [/proxy-att/] in DispatcherServlet with name 'spring-mvc'
2016-05-31 14:12:32 [WARN]-[qtp1634181718-28:142146]-[PageNotFound:org.springframework.web.servlet.DispatcherServlet.noHandlerFound(DispatcherServlet.java:1139)] - No mapping found for HTTP request with URI [/proxy-att/] in DispatcherServlet with name 'spring-mvc'
2016-05-31 14:15:29 [INFO]-[main:0]-[ContextLoader:org.springframework.web.context.ContextLoader.initWebApplicationContext(ContextLoader.java:305)] - Root WebApplicationContext: initialization started
2016-05-31 14:15:29 [INFO]-[main:83]-[XmlWebApplicationContext:org.springframework.context.support.AbstractApplicationContext.prepareRefresh(AbstractApplicationContext.java:578)] - Refreshing Root WebApplicationContext: startup date [Tue May 31 14:15:29 CST 2016]; root of context hierarchy
2016-05-31 14:15:29 [INFO]-[main:111]-[XmlBeanDefinitionReader:org.springframework.beans.factory.xml.XmlBeanDefinitionReader.loadBeanDefinitions(XmlBeanDefinitionReader.java:317)] - Loading XML bean definitions from class path resource [config/spring/spring-context.xml]
2016-05-31 14:15:29 [INFO]-[main:213]-[XmlBeanDefinitionReader:org.springframework.beans.factory.xml.XmlBeanDefinitionReader.loadBeanDefinitions(XmlBeanDefinitionReader.java:317)] - Loading XML bean definitions from class path resource [config/spring/spring-mybatis.xml]
2016-05-31 14:15:29 [INFO]-[main:329]-[XmlBeanDefinitionReader:org.springframework.beans.factory.xml.XmlBeanDefinitionReader.loadBeanDefinitions(XmlBeanDefinitionReader.java:317)] - Loading XML bean definitions from class path resource [config/spring/spring-redis.xml]
2016-05-31 14:15:29 [INFO]-[main:365]-[XmlBeanDefinitionReader:org.springframework.beans.factory.xml.XmlBeanDefinitionReader.loadBeanDefinitions(XmlBeanDefinitionReader.java:317)] - Loading XML bean definitions from class path resource [config/spring/spring-rabbit.xml]
2016-05-31 14:15:29 [INFO]-[main:594]-[PropertySourcesPlaceholderConfigurer:org.springframework.core.io.support.PropertiesLoaderSupport.loadProperties(PropertiesLoaderSupport.java:172)] - Loading properties file from class path resource [config/jdbc/jdbc.properties]
2016-05-31 14:15:29 [INFO]-[main:601]-[PropertySourcesPlaceholderConfigurer:org.springframework.core.io.support.PropertiesLoaderSupport.loadProperties(PropertiesLoaderSupport.java:172)] - Loading properties file from class path resource [config/redis/redis.properties]
2016-05-31 14:15:29 [INFO]-[main:605]-[PropertySourcesPlaceholderConfigurer:org.springframework.core.io.support.PropertiesLoaderSupport.loadProperties(PropertiesLoaderSupport.java:172)] - Loading properties file from class path resource [config/rabbit/rabbit.properties]
2016-05-31 14:15:29 [INFO]-[main:612]-[AutowiredAnnotationBeanPostProcessor:org.springframework.beans.factory.annotation.AutowiredAnnotationBeanPostProcessor.<init>(AutowiredAnnotationBeanPostProcessor.java:153)] - JSR-330 'javax.inject.Inject' annotation found and supported for autowiring
2016-05-31 14:15:29 [INFO]-[main:687]-[MLog:com.mchange.v2.log.MLog.<clinit>(MLog.java:80)] - MLog clients using log4j logging.
2016-05-31 14:15:29 [INFO]-[main:757]-[C3P0Registry:com.mchange.v2.c3p0.C3P0Registry.banner(C3P0Registry.java:204)] - Initializing c3p0-0.9.1.2 [built 21-May-2007 15:04:56; debug? true; trace: 10]
2016-05-31 14:15:30 [INFO]-[main:1235]-[DefaultLifecycleProcessor:org.springframework.context.support.DefaultLifecycleProcessor$LifecycleGroup.start(DefaultLifecycleProcessor.java:341)] - Starting beans in phase -2147482648
2016-05-31 14:15:30 [INFO]-[main:1240]-[ContextLoader:org.springframework.web.context.ContextLoader.initWebApplicationContext(ContextLoader.java:345)] - Root WebApplicationContext: initialization completed in 1237 ms
2016-05-31 14:15:30 [INFO]-[main:1305]-[DispatcherServlet:org.springframework.web.servlet.FrameworkServlet.initServletBean(FrameworkServlet.java:487)] - FrameworkServlet 'spring-mvc': initialization started
2016-05-31 14:15:30 [INFO]-[main:1307]-[XmlWebApplicationContext:org.springframework.context.support.AbstractApplicationContext.prepareRefresh(AbstractApplicationContext.java:578)] - Refreshing WebApplicationContext for namespace 'spring-mvc-servlet': startup date [Tue May 31 14:15:30 CST 2016]; parent: Root WebApplicationContext
2016-05-31 14:15:30 [INFO]-[main:1310]-[XmlBeanDefinitionReader:org.springframework.beans.factory.xml.XmlBeanDefinitionReader.loadBeanDefinitions(XmlBeanDefinitionReader.java:317)] - Loading XML bean definitions from class path resource [config/spring/spring-mvc.xml]
2016-05-31 14:15:30 [INFO]-[main:1350]-[XmlBeanDefinitionReader:org.springframework.beans.factory.xml.XmlBeanDefinitionReader.loadBeanDefinitions(XmlBeanDefinitionReader.java:317)] - Loading XML bean definitions from class path resource [config/spring/spring-freemarker.xml]
2016-05-31 14:15:30 [INFO]-[main:1457]-[PropertySourcesPlaceholderConfigurer:org.springframework.core.io.support.PropertiesLoaderSupport.loadProperties(PropertiesLoaderSupport.java:172)] - Loading properties file from class path resource [config/freemarker/freemarker.properties]
2016-05-31 14:15:30 [INFO]-[main:1462]-[AutowiredAnnotationBeanPostProcessor:org.springframework.beans.factory.annotation.AutowiredAnnotationBeanPostProcessor.<init>(AutowiredAnnotationBeanPostProcessor.java:153)] - JSR-330 'javax.inject.Inject' annotation found and supported for autowiring
2016-05-31 14:15:30 [INFO]-[main:1552]-[FreeMarkerConfigurer:org.springframework.web.servlet.view.freemarker.FreeMarkerConfigurer.postProcessTemplateLoaders(FreeMarkerConfigurer.java:127)] - ClassTemplateLoader for Spring macros added to FreeMarker configuration
2016-05-31 14:15:30 [INFO]-[main:1665]-[RequestMappingHandlerMapping:org.springframework.web.servlet.handler.AbstractHandlerMethodMapping$MappingRegistry.register(AbstractHandlerMethodMapping.java:534)] - Mapped "{[/showIndex]}" onto public java.lang.String com.uilzzw.controller.ProxyController.toIndex(javax.servlet.http.HttpServletRequest,org.springframework.ui.Model)
2016-05-31 14:15:31 [INFO]-[main:1820]-[RequestMappingHandlerAdapter:org.springframework.web.servlet.mvc.method.annotation.RequestMappingHandlerAdapter.initControllerAdviceCache(RequestMappingHandlerAdapter.java:539)] - Looking for @ControllerAdvice: WebApplicationContext for namespace 'spring-mvc-servlet': startup date [Tue May 31 14:15:30 CST 2016]; parent: Root WebApplicationContext
2016-05-31 14:15:31 [INFO]-[main:1857]-[RequestMappingHandlerAdapter:org.springframework.web.servlet.mvc.method.annotation.RequestMappingHandlerAdapter.initControllerAdviceCache(RequestMappingHandlerAdapter.java:539)] - Looking for @ControllerAdvice: WebApplicationContext for namespace 'spring-mvc-servlet': startup date [Tue May 31 14:15:30 CST 2016]; parent: Root WebApplicationContext
2016-05-31 14:15:31 [INFO]-[main:1946]-[SimpleUrlHandlerMapping:org.springframework.web.servlet.handler.AbstractUrlHandlerMapping.registerHandler(AbstractUrlHandlerMapping.java:341)] - Mapped URL path [/jquery/**] onto handler 'org.springframework.web.servlet.resource.ResourceHttpRequestHandler#0'
2016-05-31 14:15:31 [INFO]-[main:1950]-[SimpleUrlHandlerMapping:org.springframework.web.servlet.handler.AbstractUrlHandlerMapping.registerHandler(AbstractUrlHandlerMapping.java:341)] - Mapped URL path [/bootstrap/**] onto handler 'org.springframework.web.servlet.resource.ResourceHttpRequestHandler#1'
2016-05-31 14:15:31 [INFO]-[main:2016]-[DispatcherServlet:org.springframework.web.servlet.FrameworkServlet.initServletBean(FrameworkServlet.java:506)] - FrameworkServlet 'spring-mvc': initialization completed in 711 ms
